12 [139882757490496] INFO perfrun.launcher <> - Launcher main begin
13 [139882757490496] INFO perfrun.launcher <> - MessageCatalogInit finished
13 [139882757490496] INFO perfrun.launcher <> - Launcher instance created
13 [139882757490496] INFO perfrun.launcher <> - argc = 7; cmdline = /opt/intel/vtune_amplifier_2019.6.0.602217/bin64/amplxe-runss --ui-output-format xml --ui-output-fd 6 --option-file /root/allreduce1/config/runss.options 
25 [139882757490496] INFO perfrun.launcher <> - plugin remoteplug has been added successfully
25 [139882757490496] INFO perfrun.launcher <> - plugin system has been added successfully
25 [139882757490496] INFO perfrun.launcher <> - plugin itt has been added successfully
25 [139882757490496] INFO perfrun.launcher <> - plugin ptracecollector has been added successfully
25 [139882757490496] INFO perfrun.launcher <> - plugin gpu has been added successfully
25 [139882757490496] INFO perfrun.launcher <> - plugin  has been added successfully
25 [139882757490496] INFO perfrun.launcher <> - plugin  has been added successfully
25 [139882757490496] INFO perfrun.launcher <> - plugin  has been added successfully
25 [139882757490496] INFO perfrun.launcher <> - plugin mrte has been added successfully
25 [139882757490496] INFO perfrun.launcher <> - plugin emon has been added successfully
25 [139882757490496] INFO perfrun.launcher <> - plugin cuscol has been added successfully
25 [139882757490496] INFO perfrun.launcher <> - plugin stdsrc has been added successfully
25 [139882757490496] INFO perfrun.launcher <> - plugin sep has been added successfully
26 [139882757490496] INFO perfrun.launcher <> - plugin vtsspp has been added successfully
26 [139882757490496] INFO perfrun.sdk <> - Reading value (3) from file: /proc/sys/kernel/perf_event_paranoid
32 [139882757490496] INFO perfrun.perfcollector <> - cpu: family = 6 model = 63
32 [139882757490496] INFO perfrun.perfcollector <> - dir found : /sys/bus/event_source/devices/software
32 [139882757490496] WARN perfrun.perfcollector <> - format subdir doesn't exist, at file: vcs/perfrun1/plugins/perfcollector/src/controller.cpp:648
32 [139882757490496] WARN perfrun.perfcollector <> - pmu hwInfo is not set, at file: vcs/perfrun1/plugins/perfcollector/src/controller.cpp:737
32 [139882757490496] INFO perfrun.perfcollector <> - pmu added : family : software , id : 0
32 [139882757490496] INFO perfrun.perfcollector <> - dir found : /sys/bus/event_source/devices/uncore_imc_5
32 [139882757490496] INFO perfrun.perfcollector <> - format: event config:0-7 mask:0-7
32 [139882757490496] INFO perfrun.perfcollector <> - format: edge config:18 mask:18
32 [139882757490496] INFO perfrun.perfcollector <> - format: inv config:23 mask:23
32 [139882757490496] INFO perfrun.perfcollector <> - format: umask config:8-15 mask:8-15
32 [139882757490496] INFO perfrun.perfcollector <> - format: thresh config:24-31 mask:24-31
32 [139882757490496] INFO perfrun.perfcollector <> - hwInfo : PERF_IMC_PMU_DETAILS
32 [139882757490496] INFO perfrun.perfcollector <> - pmu added : family : uncore_imc , id : 5
32 [139882757490496] INFO perfrun.perfcollector <> - dir found : /sys/bus/event_source/devices/uncore_sbox_2
32 [139882757490496] INFO perfrun.perfcollector <> - format: event config:0-7 mask:0-7
32 [139882757490496] INFO perfrun.perfcollector <> - format: edge config:18 mask:18
32 [139882757490496] INFO perfrun.perfcollector <> - format: inv config:23 mask:23
32 [139882757490496] INFO perfrun.perfcollector <> - format: umask config:8-15 mask:8-15
32 [139882757490496] INFO perfrun.perfcollector <> - format: tid_en config:19 mask:19
32 [139882757490496] INFO perfrun.perfcollector <> - format: thresh config:24-31 mask:24-31
32 [139882757490496] WARN perfrun.perfcollector <> - pmu hwInfo is not set, at file: vcs/perfrun1/plugins/perfcollector/src/controller.cpp:737
32 [139882757490496] INFO perfrun.perfcollector <> - pmu added : family : uncore_sbox , id : 2
32 [139882757490496] INFO perfrun.perfcollector <> - dir found : /sys/bus/event_source/devices/uncore_cbox_8
32 [139882757490496] INFO perfrun.perfcollector <> - format: event config:0-7 mask:0-7
32 [139882757490496] INFO perfrun.perfcollector <> - format: filter_link config1:6-8 mask:6-8
32 [139882757490496] INFO perfrun.perfcollector <> - format: filter_c6 config1:61 mask:61
32 [139882757490496] INFO perfrun.perfcollector <> - format: edge config:18 mask:18
32 [139882757490496] INFO perfrun.perfcollector <> - format: filter_isoc config1:63 mask:63
33 [139882757490496] INFO perfrun.perfcollector <> - format: filter_tid config1:0-5 mask:0-5
33 [139882757490496] INFO perfrun.perfcollector <> - format: filter_nid config1:32-47 mask:32-47
33 [139882757490496] INFO perfrun.perfcollector <> - format: filter_nc config1:62 mask:62
33 [139882757490496] INFO perfrun.perfcollector <> - format: umask config:8-15 mask:8-15
33 [139882757490496] INFO perfrun.perfcollector <> - format: tid_en config:19 mask:19
33 [139882757490496] INFO perfrun.perfcollector <> - format: thresh config:24-31 mask:24-31
33 [139882757490496] INFO perfrun.perfcollector <> - format: filter_state config1:17-23 mask:17-23
33 [139882757490496] INFO perfrun.perfcollector <> - format: filter_opc config1:52-60 mask:52-60
33 [139882757490496] WARN perfrun.perfcollector <> - pmu hwInfo is not set, at file: vcs/perfrun1/plugins/perfcollector/src/controller.cpp:737
33 [139882757490496] INFO perfrun.perfcollector <> - pmu added : family : uncore_cbox , id : 8
33 [139882757490496] INFO perfrun.perfcollector <> - dir found : /sys/bus/event_source/devices/uncore_r2pcie
33 [139882757490496] INFO perfrun.perfcollector <> - format: event config:0-7 mask:0-7
33 [139882757490496] INFO perfrun.perfcollector <> - format: edge config:18 mask:18
33 [139882757490496] INFO perfrun.perfcollector <> - format: inv config:23 mask:23
33 [139882757490496] INFO perfrun.perfcollector <> - format: umask config:8-15 mask:8-15
33 [139882757490496] INFO perfrun.perfcollector <> - format: thresh config:24-31 mask:24-31
33 [139882757490496] WARN perfrun.perfcollector <> - pmu hwInfo is not set, at file: vcs/perfrun1/plugins/perfcollector/src/controller.cpp:737
33 [139882757490496] INFO perfrun.perfcollector <> - pmu added : family : uncore_r2pcie , id : 0
33 [139882757490496] INFO perfrun.perfcollector <> - dir found : /sys/bus/event_source/devices/uncore_sbox_0
33 [139882757490496] INFO perfrun.perfcollector <> - format: event config:0-7 mask:0-7
33 [139882757490496] INFO perfrun.perfcollector <> - format: edge config:18 mask:18
33 [139882757490496] INFO perfrun.perfcollector <> - format: inv config:23 mask:23
33 [139882757490496] INFO perfrun.perfcollector <> - format: umask config:8-15 mask:8-15
33 [139882757490496] INFO perfrun.perfcollector <> - format: tid_en config:19 mask:19
33 [139882757490496] INFO perfrun.perfcollector <> - format: thresh config:24-31 mask:24-31
33 [139882757490496] WARN perfrun.perfcollector <> - pmu hwInfo is not set, at file: vcs/perfrun1/plugins/perfcollector/src/controller.cpp:737
33 [139882757490496] INFO perfrun.perfcollector <> - pmu added : family : uncore_sbox , id : 0
33 [139882757490496] INFO perfrun.perfcollector <> - dir found : /sys/bus/event_source/devices/uncore_qpi_1
33 [139882757490496] INFO perfrun.perfcollector <> - format: mask_rnid4 config2:31 mask:31
33 [139882757490496] INFO perfrun.perfcollector <> - format: mask_rnid30 config2:32-35 mask:32-35
33 [139882757490496] INFO perfrun.perfcollector <> - format: match_rnid30 config1:32-35 mask:32-35
34 [139882757490496] INFO perfrun.perfcollector <> - format: event config:0-7,21 mask:0-7,21
34 [139882757490496] INFO perfrun.perfcollector <> - format: match0 config1:0-31 mask:0-31
34 [139882757490496] INFO perfrun.perfcollector <> - format: match_rds config1:48-51 mask:48-51
34 [139882757490496] INFO perfrun.perfcollector <> - format: mask_rds config2:48-51 mask:48-51
34 [139882757490496] INFO perfrun.perfcollector <> - format: edge config:18 mask:18
34 [139882757490496] INFO perfrun.perfcollector <> - format: mask1 config2:32-63 mask:32-63
34 [139882757490496] INFO perfrun.perfcollector <> - format: match_dnid config1:13-17 mask:13-17
34 [139882757490496] INFO perfrun.perfcollector <> - format: mask_dnid config2:13-17 mask:13-17
34 [139882757490496] INFO perfrun.perfcollector <> - format: match_vnw config1:3-4 mask:3-4
34 [139882757490496] INFO perfrun.perfcollector <> - format: mask_vnw config2:3-4 mask:3-4
34 [139882757490496] INFO perfrun.perfcollector <> - format: mask_mc config2:9-12 mask:9-12
34 [139882757490496] INFO perfrun.perfcollector <> - format: match1 config1:32-63 mask:32-63
34 [139882757490496] INFO perfrun.perfcollector <> - format: inv config:23 mask:23
34 [139882757490496] INFO perfrun.perfcollector <> - format: umask config:8-15 mask:8-15
34 [139882757490496] INFO perfrun.perfcollector <> - format: match_opc config1:5-8 mask:5-8
34 [139882757490496] INFO perfrun.perfcollector <> - format: mask_opc config2:5-8 mask:5-8
34 [139882757490496] INFO perfrun.perfcollector <> - format: thresh config:24-31 mask:24-31
34 [139882757490496] INFO perfrun.perfcollector <> - format: match_rnid4 config1:31 mask:31
34 [139882757490496] INFO perfrun.perfcollector <> - format: mask0 config2:0-31 mask:0-31
34 [139882757490496] INFO perfrun.perfcollector <> - format: match_mc config1:9-12 mask:9-12
34 [139882757490496] INFO perfrun.perfcollector <> - hwInfo : PERF_QPI_PMU_DETAILS
34 [139882757490496] INFO perfrun.perfcollector <> - pmu added : family : uncore_qpi , id : 1
34 [139882757490496] INFO perfrun.perfcollector <> - dir found : /sys/bus/event_source/devices/uncore_cbox_6
34 [139882757490496] INFO perfrun.perfcollector <> - format: event config:0-7 mask:0-7
34 [139882757490496] INFO perfrun.perfcollector <> - format: filter_link config1:6-8 mask:6-8
34 [139882757490496] INFO perfrun.perfcollector <> - format: filter_c6 config1:61 mask:61
34 [139882757490496] INFO perfrun.perfcollector <> - format: edge config:18 mask:18
34 [139882757490496] INFO perfrun.perfcollector <> - format: filter_isoc config1:63 mask:63
34 [139882757490496] INFO perfrun.perfcollector <> - format: filter_tid config1:0-5 mask:0-5
34 [139882757490496] INFO perfrun.perfcollector <> - format: filter_nid config1:32-47 mask:32-47
34 [139882757490496] INFO perfrun.perfcollector <> - format: filter_nc config1:62 mask:62
34 [139882757490496] INFO perfrun.perfcollector <> - format: umask config:8-15 mask:8-15
34 [139882757490496] INFO perfrun.perfcollector <> - format: tid_en config:19 mask:19
34 [139882757490496] INFO perfrun.perfcollector <> - format: thresh config:24-31 mask:24-31
34 [139882757490496] INFO perfrun.perfcollector <> - format: filter_state config1:17-23 mask:17-23
35 [139882757490496] INFO perfrun.perfcollector <> - format: filter_opc config1:52-60 mask:52-60
35 [139882757490496] WARN perfrun.perfcollector <> - pmu hwInfo is not set, at file: vcs/perfrun1/plugins/perfcollector/src/controller.cpp:737
35 [139882757490496] INFO perfrun.perfcollector <> - pmu added : family : uncore_cbox , id : 6
35 [139882757490496] INFO perfrun.perfcollector <> - dir found : /sys/bus/event_source/devices/uncore_imc_1
35 [139882757490496] INFO perfrun.perfcollector <> - format: event config:0-7 mask:0-7
35 [139882757490496] INFO perfrun.perfcollector <> - format: edge config:18 mask:18
35 [139882757490496] INFO perfrun.perfcollector <> - format: inv config:23 mask:23
35 [139882757490496] INFO perfrun.perfcollector <> - format: umask config:8-15 mask:8-15
35 [139882757490496] INFO perfrun.perfcollector <> - format: thresh config:24-31 mask:24-31
35 [139882757490496] INFO perfrun.perfcollector <> - hwInfo : PERF_IMC_PMU_DETAILS
35 [139882757490496] INFO perfrun.perfcollector <> - pmu added : family : uncore_imc , id : 1
35 [139882757490496] INFO perfrun.perfcollector <> - dir found : /sys/bus/event_source/devices/power
35 [139882757490496] INFO perfrun.perfcollector <> - format: event config:0-7 mask:0-7
35 [139882757490496] WARN perfrun.perfcollector <> - pmu hwInfo is not set, at file: vcs/perfrun1/plugins/perfcollector/src/controller.cpp:737
35 [139882757490496] INFO perfrun.perfcollector <> - pmu added : family : power , id : 0
35 [139882757490496] INFO perfrun.perfcollector <> - dir found : /sys/bus/event_source/devices/uncore_cbox_11
35 [139882757490496] INFO perfrun.perfcollector <> - format: event config:0-7 mask:0-7
35 [139882757490496] INFO perfrun.perfcollector <> - format: filter_link config1:6-8 mask:6-8
35 [139882757490496] INFO perfrun.perfcollector <> - format: filter_c6 config1:61 mask:61
35 [139882757490496] INFO perfrun.perfcollector <> - format: edge config:18 mask:18
35 [139882757490496] INFO perfrun.perfcollector <> - format: filter_isoc config1:63 mask:63
35 [139882757490496] INFO perfrun.perfcollector <> - format: filter_tid config1:0-5 mask:0-5
35 [139882757490496] INFO perfrun.perfcollector <> - format: filter_nid config1:32-47 mask:32-47
35 [139882757490496] INFO perfrun.perfcollector <> - format: filter_nc config1:62 mask:62
35 [139882757490496] INFO perfrun.perfcollector <> - format: umask config:8-15 mask:8-15
35 [139882757490496] INFO perfrun.perfcollector <> - format: tid_en config:19 mask:19
35 [139882757490496] INFO perfrun.perfcollector <> - format: thresh config:24-31 mask:24-31
35 [139882757490496] INFO perfrun.perfcollector <> - format: filter_state config1:17-23 mask:17-23
35 [139882757490496] INFO perfrun.perfcollector <> - format: filter_opc config1:52-60 mask:52-60
35 [139882757490496] WARN perfrun.perfcollector <> - pmu hwInfo is not set, at file: vcs/perfrun1/plugins/perfcollector/src/controller.cpp:737
35 [139882757490496] INFO perfrun.perfcollector <> - pmu added : family : uncore_cbox , id : 11
35 [139882757490496] INFO perfrun.perfcollector <> - dir found : /sys/bus/event_source/devices/uncore_cbox_4
35 [139882757490496] INFO perfrun.perfcollector <> - format: event config:0-7 mask:0-7
35 [139882757490496] INFO perfrun.perfcollector <> - format: filter_link config1:6-8 mask:6-8
35 [139882757490496] INFO perfrun.perfcollector <> - format: filter_c6 config1:61 mask:61
35 [139882757490496] INFO perfrun.perfcollector <> - format: edge config:18 mask:18
36 [139882757490496] INFO perfrun.perfcollector <> - format: filter_isoc config1:63 mask:63
36 [139882757490496] INFO perfrun.perfcollector <> - format: filter_tid config1:0-5 mask:0-5
36 [139882757490496] INFO perfrun.perfcollector <> - format: filter_nid config1:32-47 mask:32-47
36 [139882757490496] INFO perfrun.perfcollector <> - format: filter_nc config1:62 mask:62
36 [139882757490496] INFO perfrun.perfcollector <> - format: umask config:8-15 mask:8-15
36 [139882757490496] INFO perfrun.perfcollector <> - format: tid_en config:19 mask:19
36 [139882757490496] INFO perfrun.perfcollector <> - format: thresh config:24-31 mask:24-31
36 [139882757490496] INFO perfrun.perfcollector <> - format: filter_state config1:17-23 mask:17-23
36 [139882757490496] INFO perfrun.perfcollector <> - format: filter_opc config1:52-60 mask:52-60
36 [139882757490496] WARN perfrun.perfcollector <> - pmu hwInfo is not set, at file: vcs/perfrun1/plugins/perfcollector/src/controller.cpp:737
36 [139882757490496] INFO perfrun.perfcollector <> - pmu added : family : uncore_cbox , id : 4
36 [139882757490496] INFO perfrun.perfcollector <> - dir found : /sys/bus/event_source/devices/cpu
36 [139882757490496] INFO perfrun.perfcollector <> - format: event config:0-7 mask:0-7
36 [139882757490496] INFO perfrun.perfcollector <> - format: pc config:19 mask:19
36 [139882757490496] INFO perfrun.perfcollector <> - format: edge config:18 mask:18
36 [139882757490496] INFO perfrun.perfcollector <> - format: any config:21 mask:21
36 [139882757490496] INFO perfrun.perfcollector <> - format: offcore_rsp config1:0-63 mask:0-63
36 [139882757490496] INFO perfrun.perfcollector <> - format: ldlat config1:0-15 mask:0-15
36 [139882757490496] INFO perfrun.perfcollector <> - format: inv config:23 mask:23
36 [139882757490496] INFO perfrun.perfcollector <> - format: umask config:8-15 mask:8-15
36 [139882757490496] INFO perfrun.perfcollector <> - format: cmask config:24-31 mask:24-31
36 [139882757490496] INFO perfrun.perfcollector <> - hwInfo : PERF_CPU_PMU_DETAILS
36 [139882757490496] INFO perfrun.perfcollector <> - pmu added : family : cpu , id : 0
36 [139882757490496] INFO perfrun.perfcollector <> - dir found : /sys/bus/event_source/devices/uncore_r3qpi_0
36 [139882757490496] INFO perfrun.perfcollector <> - format: event config:0-7 mask:0-7
36 [139882757490496] INFO perfrun.perfcollector <> - format: edge config:18 mask:18
36 [139882757490496] INFO perfrun.perfcollector <> - format: inv config:23 mask:23
36 [139882757490496] INFO perfrun.perfcollector <> - format: umask config:8-15 mask:8-15
36 [139882757490496] INFO perfrun.perfcollector <> - format: thresh config:24-31 mask:24-31
36 [139882757490496] WARN perfrun.perfcollector <> - pmu hwInfo is not set, at file: vcs/perfrun1/plugins/perfcollector/src/controller.cpp:737
36 [139882757490496] INFO perfrun.perfcollector <> - pmu added : family : uncore_r3qpi , id : 0
36 [139882757490496] INFO perfrun.perfcollector <> - dir found : /sys/bus/event_source/devices/cstate_core
36 [139882757490496] INFO perfrun.perfcollector <> - format: event config:0-63 mask:0-63
36 [139882757490496] WARN perfrun.perfcollector <> - pmu hwInfo is not set, at file: vcs/perfrun1/plugins/perfcollector/src/controller.cpp:737
36 [139882757490496] INFO perfrun.perfcollector <> - pmu added : family : cstate_core , id : 0
36 [139882757490496] INFO perfrun.perfcollector <> - dir found : /sys/bus/event_source/devices/uncore_cbox_2
37 [139882757490496] INFO perfrun.perfcollector <> - format: event config:0-7 mask:0-7
37 [139882757490496] INFO perfrun.perfcollector <> - format: filter_link config1:6-8 mask:6-8
37 [139882757490496] INFO perfrun.perfcollector <> - format: filter_c6 config1:61 mask:61
37 [139882757490496] INFO perfrun.perfcollector <> - format: edge config:18 mask:18
37 [139882757490496] INFO perfrun.perfcollector <> - format: filter_isoc config1:63 mask:63
37 [139882757490496] INFO perfrun.perfcollector <> - format: filter_tid config1:0-5 mask:0-5
37 [139882757490496] INFO perfrun.perfcollector <> - format: filter_nid config1:32-47 mask:32-47
37 [139882757490496] INFO perfrun.perfcollector <> - format: filter_nc config1:62 mask:62
37 [139882757490496] INFO perfrun.perfcollector <> - format: umask config:8-15 mask:8-15
37 [139882757490496] INFO perfrun.perfcollector <> - format: tid_en config:19 mask:19
37 [139882757490496] INFO perfrun.perfcollector <> - format: thresh config:24-31 mask:24-31
37 [139882757490496] INFO perfrun.perfcollector <> - format: filter_state config1:17-23 mask:17-23
37 [139882757490496] INFO perfrun.perfcollector <> - format: filter_opc config1:52-60 mask:52-60
37 [139882757490496] WARN perfrun.perfcollector <> - pmu hwInfo is not set, at file: vcs/perfrun1/plugins/perfcollector/src/controller.cpp:737
37 [139882757490496] INFO perfrun.perfcollector <> - pmu added : family : uncore_cbox , id : 2
37 [139882757490496] INFO perfrun.perfcollector <> - dir found : /sys/bus/event_source/devices/breakpoint
37 [139882757490496] WARN perfrun.perfcollector <> - format subdir doesn't exist, at file: vcs/perfrun1/plugins/perfcollector/src/controller.cpp:648
37 [139882757490496] WARN perfrun.perfcollector <> - pmu hwInfo is not set, at file: vcs/perfrun1/plugins/perfcollector/src/controller.cpp:737
37 [139882757490496] INFO perfrun.perfcollector <> - pmu added : family : breakpoint , id : 0
37 [139882757490496] INFO perfrun.perfcollector <> - dir found : /sys/bus/event_source/devices/uncore_ha_0
37 [139882757490496] INFO perfrun.perfcollector <> - format: event config:0-7 mask:0-7
37 [139882757490496] INFO perfrun.perfcollector <> - format: edge config:18 mask:18
37 [139882757490496] INFO perfrun.perfcollector <> - format: inv config:23 mask:23
37 [139882757490496] INFO perfrun.perfcollector <> - format: umask config:8-15 mask:8-15
37 [139882757490496] INFO perfrun.perfcollector <> - format: thresh config:24-31 mask:24-31
37 [139882757490496] WARN perfrun.perfcollector <> - pmu hwInfo is not set, at file: vcs/perfrun1/plugins/perfcollector/src/controller.cpp:737
37 [139882757490496] INFO perfrun.perfcollector <> - pmu added : family : uncore_ha , id : 0
37 [139882757490496] INFO perfrun.perfcollector <> - dir found : /sys/bus/event_source/devices/uncore_cbox_0
37 [139882757490496] INFO perfrun.perfcollector <> - format: event config:0-7 mask:0-7
37 [139882757490496] INFO perfrun.perfcollector <> - format: filter_link config1:6-8 mask:6-8
37 [139882757490496] INFO perfrun.perfcollector <> - format: filter_c6 config1:61 mask:61
37 [139882757490496] INFO perfrun.perfcollector <> - format: edge config:18 mask:18
37 [139882757490496] INFO perfrun.perfcollector <> - format: filter_isoc config1:63 mask:63
37 [139882757490496] INFO perfrun.perfcollector <> - format: filter_tid config1:0-5 mask:0-5
37 [139882757490496] INFO perfrun.perfcollector <> - format: filter_nid config1:32-47 mask:32-47
37 [139882757490496] INFO perfrun.perfcollector <> - format: filter_nc config1:62 mask:62
37 [139882757490496] INFO perfrun.perfcollector <> - format: umask config:8-15 mask:8-15
37 [139882757490496] INFO perfrun.perfcollector <> - format: tid_en config:19 mask:19
38 [139882757490496] INFO perfrun.perfcollector <> - format: thresh config:24-31 mask:24-31
38 [139882757490496] INFO perfrun.perfcollector <> - format: filter_state config1:17-23 mask:17-23
38 [139882757490496] INFO perfrun.perfcollector <> - format: filter_opc config1:52-60 mask:52-60
38 [139882757490496] WARN perfrun.perfcollector <> - pmu hwInfo is not set, at file: vcs/perfrun1/plugins/perfcollector/src/controller.cpp:737
38 [139882757490496] INFO perfrun.perfcollector <> - pmu added : family : uncore_cbox , id : 0
38 [139882757490496] INFO perfrun.perfcollector <> - dir found : /sys/bus/event_source/devices/tracepoint
38 [139882757490496] WARN perfrun.perfcollector <> - format subdir doesn't exist, at file: vcs/perfrun1/plugins/perfcollector/src/controller.cpp:648
38 [139882757490496] WARN perfrun.perfcollector <> - pmu hwInfo is not set, at file: vcs/perfrun1/plugins/perfcollector/src/controller.cpp:737
38 [139882757490496] INFO perfrun.perfcollector <> - pmu added : family : tracepoint , id : 0
38 [139882757490496] INFO perfrun.perfcollector <> - dir found : /sys/bus/event_source/devices/uncore_sbox_3
38 [139882757490496] INFO perfrun.perfcollector <> - format: event config:0-7 mask:0-7
38 [139882757490496] INFO perfrun.perfcollector <> - format: edge config:18 mask:18
38 [139882757490496] INFO perfrun.perfcollector <> - format: inv config:23 mask:23
38 [139882757490496] INFO perfrun.perfcollector <> - format: umask config:8-15 mask:8-15
38 [139882757490496] INFO perfrun.perfcollector <> - format: tid_en config:19 mask:19
38 [139882757490496] INFO perfrun.perfcollector <> - format: thresh config:24-31 mask:24-31
38 [139882757490496] WARN perfrun.perfcollector <> - pmu hwInfo is not set, at file: vcs/perfrun1/plugins/perfcollector/src/controller.cpp:737
38 [139882757490496] INFO perfrun.perfcollector <> - pmu added : family : uncore_sbox , id : 3
38 [139882757490496] INFO perfrun.perfcollector <> - dir found : /sys/bus/event_source/devices/uncore_cbox_9
38 [139882757490496] INFO perfrun.perfcollector <> - format: event config:0-7 mask:0-7
38 [139882757490496] INFO perfrun.perfcollector <> - format: filter_link config1:6-8 mask:6-8
38 [139882757490496] INFO perfrun.perfcollector <> - format: filter_c6 config1:61 mask:61
38 [139882757490496] INFO perfrun.perfcollector <> - format: edge config:18 mask:18
38 [139882757490496] INFO perfrun.perfcollector <> - format: filter_isoc config1:63 mask:63
38 [139882757490496] INFO perfrun.perfcollector <> - format: filter_tid config1:0-5 mask:0-5
38 [139882757490496] INFO perfrun.perfcollector <> - format: filter_nid config1:32-47 mask:32-47
38 [139882757490496] INFO perfrun.perfcollector <> - format: filter_nc config1:62 mask:62
38 [139882757490496] INFO perfrun.perfcollector <> - format: umask config:8-15 mask:8-15
38 [139882757490496] INFO perfrun.perfcollector <> - format: tid_en config:19 mask:19
38 [139882757490496] INFO perfrun.perfcollector <> - format: thresh config:24-31 mask:24-31
38 [139882757490496] INFO perfrun.perfcollector <> - format: filter_state config1:17-23 mask:17-23
38 [139882757490496] INFO perfrun.perfcollector <> - format: filter_opc config1:52-60 mask:52-60
38 [139882757490496] WARN perfrun.perfcollector <> - pmu hwInfo is not set, at file: vcs/perfrun1/plugins/perfcollector/src/controller.cpp:737
38 [139882757490496] INFO perfrun.perfcollector <> - pmu added : family : uncore_cbox , id : 9
38 [139882757490496] INFO perfrun.perfcollector <> - dir found : /sys/bus/event_source/devices/cstate_pkg
38 [139882757490496] INFO perfrun.perfcollector <> - format: event config:0-63 mask:0-63
38 [139882757490496] WARN perfrun.perfcollector <> - pmu hwInfo is not set, at file: vcs/perfrun1/plugins/perfcollector/src/controller.cpp:737
38 [139882757490496] INFO perfrun.perfcollector <> - pmu added : family : cstate_pkg , id : 0
38 [139882757490496] INFO perfrun.perfcollector <> - dir found : /sys/bus/event_source/devices/uncore_imc_4
39 [139882757490496] INFO perfrun.perfcollector <> - format: event config:0-7 mask:0-7
39 [139882757490496] INFO perfrun.perfcollector <> - format: edge config:18 mask:18
39 [139882757490496] INFO perfrun.perfcollector <> - format: inv config:23 mask:23
39 [139882757490496] INFO perfrun.perfcollector <> - format: umask config:8-15 mask:8-15
39 [139882757490496] INFO perfrun.perfcollector <> - format: thresh config:24-31 mask:24-31
39 [139882757490496] INFO perfrun.perfcollector <> - hwInfo : PERF_IMC_PMU_DETAILS
39 [139882757490496] INFO perfrun.perfcollector <> - pmu added : family : uncore_imc , id : 4
39 [139882757490496] INFO perfrun.perfcollector <> - dir found : /sys/bus/event_source/devices/uncore_ubox
39 [139882757490496] INFO perfrun.perfcollector <> - format: event config:0-7 mask:0-7
39 [139882757490496] INFO perfrun.perfcollector <> - format: edge config:18 mask:18
39 [139882757490496] INFO perfrun.perfcollector <> - format: filter_tid config1:0 mask:0
39 [139882757490496] INFO perfrun.perfcollector <> - format: inv config:23 mask:23
39 [139882757490496] INFO perfrun.perfcollector <> - format: umask config:8-15 mask:8-15
39 [139882757490496] INFO perfrun.perfcollector <> - format: thresh config:24-28 mask:24-28
39 [139882757490496] INFO perfrun.perfcollector <> - format: filter_cid config1:5 mask:5
39 [139882757490496] WARN perfrun.perfcollector <> - pmu hwInfo is not set, at file: vcs/perfrun1/plugins/perfcollector/src/controller.cpp:737
39 [139882757490496] INFO perfrun.perfcollector <> - pmu added : family : uncore_ubox , id : 0
39 [139882757490496] INFO perfrun.perfcollector <> - dir found : /sys/bus/event_source/devices/uncore_sbox_1
39 [139882757490496] INFO perfrun.perfcollector <> - format: event config:0-7 mask:0-7
39 [139882757490496] INFO perfrun.perfcollector <> - format: edge config:18 mask:18
39 [139882757490496] INFO perfrun.perfcollector <> - format: inv config:23 mask:23
39 [139882757490496] INFO perfrun.perfcollector <> - format: umask config:8-15 mask:8-15
39 [139882757490496] INFO perfrun.perfcollector <> - format: tid_en config:19 mask:19
39 [139882757490496] INFO perfrun.perfcollector <> - format: thresh config:24-31 mask:24-31
39 [139882757490496] WARN perfrun.perfcollector <> - pmu hwInfo is not set, at file: vcs/perfrun1/plugins/perfcollector/src/controller.cpp:737
39 [139882757490496] INFO perfrun.perfcollector <> - pmu added : family : uncore_sbox , id : 1
39 [139882757490496] INFO perfrun.perfcollector <> - dir found : /sys/bus/event_source/devices/uncore_cbox_7
39 [139882757490496] INFO perfrun.perfcollector <> - format: event config:0-7 mask:0-7
39 [139882757490496] INFO perfrun.perfcollector <> - format: filter_link config1:6-8 mask:6-8
39 [139882757490496] INFO perfrun.perfcollector <> - format: filter_c6 config1:61 mask:61
39 [139882757490496] INFO perfrun.perfcollector <> - format: edge config:18 mask:18
39 [139882757490496] INFO perfrun.perfcollector <> - format: filter_isoc config1:63 mask:63
39 [139882757490496] INFO perfrun.perfcollector <> - format: filter_tid config1:0-5 mask:0-5
39 [139882757490496] INFO perfrun.perfcollector <> - format: filter_nid config1:32-47 mask:32-47
39 [139882757490496] INFO perfrun.perfcollector <> - format: filter_nc config1:62 mask:62
40 [139882757490496] INFO perfrun.perfcollector <> - format: umask config:8-15 mask:8-15
40 [139882757490496] INFO perfrun.perfcollector <> - format: tid_en config:19 mask:19
40 [139882757490496] INFO perfrun.perfcollector <> - format: thresh config:24-31 mask:24-31
40 [139882757490496] INFO perfrun.perfcollector <> - format: filter_state config1:17-23 mask:17-23
40 [139882757490496] INFO perfrun.perfcollector <> - format: filter_opc config1:52-60 mask:52-60
40 [139882757490496] WARN perfrun.perfcollector <> - pmu hwInfo is not set, at file: vcs/perfrun1/plugins/perfcollector/src/controller.cpp:737
40 [139882757490496] INFO perfrun.perfcollector <> - pmu added : family : uncore_cbox , id : 7
40 [139882757490496] INFO perfrun.perfcollector <> - dir found : /sys/bus/event_source/devices/uncore_qpi_0
40 [139882757490496] INFO perfrun.perfcollector <> - format: mask_rnid4 config2:31 mask:31
40 [139882757490496] INFO perfrun.perfcollector <> - format: mask_rnid30 config2:32-35 mask:32-35
40 [139882757490496] INFO perfrun.perfcollector <> - format: match_rnid30 config1:32-35 mask:32-35
40 [139882757490496] INFO perfrun.perfcollector <> - format: event config:0-7,21 mask:0-7,21
40 [139882757490496] INFO perfrun.perfcollector <> - format: match0 config1:0-31 mask:0-31
40 [139882757490496] INFO perfrun.perfcollector <> - format: match_rds config1:48-51 mask:48-51
40 [139882757490496] INFO perfrun.perfcollector <> - format: mask_rds config2:48-51 mask:48-51
40 [139882757490496] INFO perfrun.perfcollector <> - format: edge config:18 mask:18
40 [139882757490496] INFO perfrun.perfcollector <> - format: mask1 config2:32-63 mask:32-63
40 [139882757490496] INFO perfrun.perfcollector <> - format: match_dnid config1:13-17 mask:13-17
40 [139882757490496] INFO perfrun.perfcollector <> - format: mask_dnid config2:13-17 mask:13-17
40 [139882757490496] INFO perfrun.perfcollector <> - format: match_vnw config1:3-4 mask:3-4
40 [139882757490496] INFO perfrun.perfcollector <> - format: mask_vnw config2:3-4 mask:3-4
40 [139882757490496] INFO perfrun.perfcollector <> - format: mask_mc config2:9-12 mask:9-12
40 [139882757490496] INFO perfrun.perfcollector <> - format: match1 config1:32-63 mask:32-63
40 [139882757490496] INFO perfrun.perfcollector <> - format: inv config:23 mask:23
40 [139882757490496] INFO perfrun.perfcollector <> - format: umask config:8-15 mask:8-15
40 [139882757490496] INFO perfrun.perfcollector <> - format: match_opc config1:5-8 mask:5-8
40 [139882757490496] INFO perfrun.perfcollector <> - format: mask_opc config2:5-8 mask:5-8
40 [139882757490496] INFO perfrun.perfcollector <> - format: thresh config:24-31 mask:24-31
40 [139882757490496] INFO perfrun.perfcollector <> - format: match_rnid4 config1:31 mask:31
40 [139882757490496] INFO perfrun.perfcollector <> - format: mask0 config2:0-31 mask:0-31
40 [139882757490496] INFO perfrun.perfcollector <> - format: match_mc config1:9-12 mask:9-12
40 [139882757490496] INFO perfrun.perfcollector <> - hwInfo : PERF_QPI_PMU_DETAILS
40 [139882757490496] INFO perfrun.perfcollector <> - pmu added : family : uncore_qpi , id : 0
40 [139882757490496] INFO perfrun.perfcollector <> - dir found : /sys/bus/event_source/devices/uncore_cbox_5
40 [139882757490496] INFO perfrun.perfcollector <> - format: event config:0-7 mask:0-7
41 [139882757490496] INFO perfrun.perfcollector <> - format: filter_link config1:6-8 mask:6-8
41 [139882757490496] INFO perfrun.perfcollector <> - format: filter_c6 config1:61 mask:61
41 [139882757490496] INFO perfrun.perfcollector <> - format: edge config:18 mask:18
41 [139882757490496] INFO perfrun.perfcollector <> - format: filter_isoc config1:63 mask:63
41 [139882757490496] INFO perfrun.perfcollector <> - format: filter_tid config1:0-5 mask:0-5
41 [139882757490496] INFO perfrun.perfcollector <> - format: filter_nid config1:32-47 mask:32-47
41 [139882757490496] INFO perfrun.perfcollector <> - format: filter_nc config1:62 mask:62
41 [139882757490496] INFO perfrun.perfcollector <> - format: umask config:8-15 mask:8-15
41 [139882757490496] INFO perfrun.perfcollector <> - format: tid_en config:19 mask:19
41 [139882757490496] INFO perfrun.perfcollector <> - format: thresh config:24-31 mask:24-31
41 [139882757490496] INFO perfrun.perfcollector <> - format: filter_state config1:17-23 mask:17-23
41 [139882757490496] INFO perfrun.perfcollector <> - format: filter_opc config1:52-60 mask:52-60
41 [139882757490496] WARN perfrun.perfcollector <> - pmu hwInfo is not set, at file: vcs/perfrun1/plugins/perfcollector/src/controller.cpp:737
41 [139882757490496] INFO perfrun.perfcollector <> - pmu added : family : uncore_cbox , id : 5
41 [139882757490496] INFO perfrun.perfcollector <> - dir found : /sys/bus/event_source/devices/uncore_imc_0
41 [139882757490496] INFO perfrun.perfcollector <> - format: event config:0-7 mask:0-7
41 [139882757490496] INFO perfrun.perfcollector <> - format: edge config:18 mask:18
41 [139882757490496] INFO perfrun.perfcollector <> - format: inv config:23 mask:23
41 [139882757490496] INFO perfrun.perfcollector <> - format: umask config:8-15 mask:8-15
41 [139882757490496] INFO perfrun.perfcollector <> - format: thresh config:24-31 mask:24-31
41 [139882757490496] INFO perfrun.perfcollector <> - hwInfo : PERF_IMC_PMU_DETAILS
41 [139882757490496] INFO perfrun.perfcollector <> - pmu added : family : uncore_imc , id : 0
41 [139882757490496] INFO perfrun.perfcollector <> - dir found : /sys/bus/event_source/devices/uncore_cbox_10
41 [139882757490496] INFO perfrun.perfcollector <> - format: event config:0-7 mask:0-7
41 [139882757490496] INFO perfrun.perfcollector <> - format: filter_link config1:6-8 mask:6-8
41 [139882757490496] INFO perfrun.perfcollector <> - format: filter_c6 config1:61 mask:61
41 [139882757490496] INFO perfrun.perfcollector <> - format: edge config:18 mask:18
41 [139882757490496] INFO perfrun.perfcollector <> - format: filter_isoc config1:63 mask:63
41 [139882757490496] INFO perfrun.perfcollector <> - format: filter_tid config1:0-5 mask:0-5
41 [139882757490496] INFO perfrun.perfcollector <> - format: filter_nid config1:32-47 mask:32-47
41 [139882757490496] INFO perfrun.perfcollector <> - format: filter_nc config1:62 mask:62
41 [139882757490496] INFO perfrun.perfcollector <> - format: umask config:8-15 mask:8-15
41 [139882757490496] INFO perfrun.perfcollector <> - format: tid_en config:19 mask:19
41 [139882757490496] INFO perfrun.perfcollector <> - format: thresh config:24-31 mask:24-31
41 [139882757490496] INFO perfrun.perfcollector <> - format: filter_state config1:17-23 mask:17-23
41 [139882757490496] INFO perfrun.perfcollector <> - format: filter_opc config1:52-60 mask:52-60
41 [139882757490496] WARN perfrun.perfcollector <> - pmu hwInfo is not set, at file: vcs/perfrun1/plugins/perfcollector/src/controller.cpp:737
42 [139882757490496] INFO perfrun.perfcollector <> - pmu added : family : uncore_cbox , id : 10
42 [139882757490496] INFO perfrun.perfcollector <> - dir found : /sys/bus/event_source/devices/uncore_pcu
42 [139882757490496] INFO perfrun.perfcollector <> - format: filter_band2 config1:16-23 mask:16-23
42 [139882757490496] INFO perfrun.perfcollector <> - format: event config:0-7 mask:0-7
42 [139882757490496] INFO perfrun.perfcollector <> - format: filter_band0 config1:0-7 mask:0-7
42 [139882757490496] INFO perfrun.perfcollector <> - format: edge config:18 mask:18
42 [139882757490496] INFO perfrun.perfcollector <> - format: occ_invert config:30 mask:30
42 [139882757490496] INFO perfrun.perfcollector <> - format: occ_edge config:14-51 mask:14-51
42 [139882757490496] INFO perfrun.perfcollector <> - format: filter_band3 config1:24-31 mask:24-31
42 [139882757490496] INFO perfrun.perfcollector <> - format: filter_band1 config1:8-15 mask:8-15
42 [139882757490496] INFO perfrun.perfcollector <> - format: inv config:23 mask:23
42 [139882757490496] INFO perfrun.perfcollector <> - format: thresh config:24-28 mask:24-28
42 [139882757490496] INFO perfrun.perfcollector <> - format: occ_sel config:14-15 mask:14-15
42 [139882757490496] WARN perfrun.perfcollector <> - pmu hwInfo is not set, at file: vcs/perfrun1/plugins/perfcollector/src/controller.cpp:737
42 [139882757490496] INFO perfrun.perfcollector <> - pmu added : family : uncore_pcu , id : 0
42 [139882757490496] INFO perfrun.perfcollector <> - dir found : /sys/bus/event_source/devices/uncore_r3qpi_1
42 [139882757490496] INFO perfrun.perfcollector <> - format: event config:0-7 mask:0-7
42 [139882757490496] INFO perfrun.perfcollector <> - format: edge config:18 mask:18
42 [139882757490496] INFO perfrun.perfcollector <> - format: inv config:23 mask:23
42 [139882757490496] INFO perfrun.perfcollector <> - format: umask config:8-15 mask:8-15
42 [139882757490496] INFO perfrun.perfcollector <> - format: thresh config:24-31 mask:24-31
42 [139882757490496] WARN perfrun.perfcollector <> - pmu hwInfo is not set, at file: vcs/perfrun1/plugins/perfcollector/src/controller.cpp:737
42 [139882757490496] INFO perfrun.perfcollector <> - pmu added : family : uncore_r3qpi , id : 1
42 [139882757490496] INFO perfrun.perfcollector <> - dir found : /sys/bus/event_source/devices/msr
42 [139882757490496] INFO perfrun.perfcollector <> - format: event config:0-63 mask:0-63
42 [139882757490496] WARN perfrun.perfcollector <> - pmu hwInfo is not set, at file: vcs/perfrun1/plugins/perfcollector/src/controller.cpp:737
42 [139882757490496] INFO perfrun.perfcollector <> - pmu added : family : msr , id : 0
42 [139882757490496] INFO perfrun.perfcollector <> - dir found : /sys/bus/event_source/devices/uncore_cbox_3
42 [139882757490496] INFO perfrun.perfcollector <> - format: event config:0-7 mask:0-7
42 [139882757490496] INFO perfrun.perfcollector <> - format: filter_link config1:6-8 mask:6-8
42 [139882757490496] INFO perfrun.perfcollector <> - format: filter_c6 config1:61 mask:61
42 [139882757490496] INFO perfrun.perfcollector <> - format: edge config:18 mask:18
42 [139882757490496] INFO perfrun.perfcollector <> - format: filter_isoc config1:63 mask:63
42 [139882757490496] INFO perfrun.perfcollector <> - format: filter_tid config1:0-5 mask:0-5
42 [139882757490496] INFO perfrun.perfcollector <> - format: filter_nid config1:32-47 mask:32-47
43 [139882757490496] INFO perfrun.perfcollector <> - format: filter_nc config1:62 mask:62
43 [139882757490496] INFO perfrun.perfcollector <> - format: umask config:8-15 mask:8-15
43 [139882757490496] INFO perfrun.perfcollector <> - format: tid_en config:19 mask:19
43 [139882757490496] INFO perfrun.perfcollector <> - format: thresh config:24-31 mask:24-31
43 [139882757490496] INFO perfrun.perfcollector <> - format: filter_state config1:17-23 mask:17-23
43 [139882757490496] INFO perfrun.perfcollector <> - format: filter_opc config1:52-60 mask:52-60
43 [139882757490496] WARN perfrun.perfcollector <> - pmu hwInfo is not set, at file: vcs/perfrun1/plugins/perfcollector/src/controller.cpp:737
43 [139882757490496] INFO perfrun.perfcollector <> - pmu added : family : uncore_cbox , id : 3
43 [139882757490496] INFO perfrun.perfcollector <> - dir found : /sys/bus/event_source/devices/uncore_ha_1
43 [139882757490496] INFO perfrun.perfcollector <> - format: event config:0-7 mask:0-7
43 [139882757490496] INFO perfrun.perfcollector <> - format: edge config:18 mask:18
43 [139882757490496] INFO perfrun.perfcollector <> - format: inv config:23 mask:23
43 [139882757490496] INFO perfrun.perfcollector <> - format: umask config:8-15 mask:8-15
43 [139882757490496] INFO perfrun.perfcollector <> - format: thresh config:24-31 mask:24-31
43 [139882757490496] WARN perfrun.perfcollector <> - pmu hwInfo is not set, at file: vcs/perfrun1/plugins/perfcollector/src/controller.cpp:737
43 [139882757490496] INFO perfrun.perfcollector <> - pmu added : family : uncore_ha , id : 1
43 [139882757490496] INFO perfrun.perfcollector <> - dir found : /sys/bus/event_source/devices/uncore_cbox_1
43 [139882757490496] INFO perfrun.perfcollector <> - format: event config:0-7 mask:0-7
43 [139882757490496] INFO perfrun.perfcollector <> - format: filter_link config1:6-8 mask:6-8
43 [139882757490496] INFO perfrun.perfcollector <> - format: filter_c6 config1:61 mask:61
43 [139882757490496] INFO perfrun.perfcollector <> - format: edge config:18 mask:18
43 [139882757490496] INFO perfrun.perfcollector <> - format: filter_isoc config1:63 mask:63
43 [139882757490496] INFO perfrun.perfcollector <> - format: filter_tid config1:0-5 mask:0-5
43 [139882757490496] INFO perfrun.perfcollector <> - format: filter_nid config1:32-47 mask:32-47
43 [139882757490496] INFO perfrun.perfcollector <> - format: filter_nc config1:62 mask:62
43 [139882757490496] INFO perfrun.perfcollector <> - format: umask config:8-15 mask:8-15
43 [139882757490496] INFO perfrun.perfcollector <> - format: tid_en config:19 mask:19
43 [139882757490496] INFO perfrun.perfcollector <> - format: thresh config:24-31 mask:24-31
43 [139882757490496] INFO perfrun.perfcollector <> - format: filter_state config1:17-23 mask:17-23
43 [139882757490496] INFO perfrun.perfcollector <> - format: filter_opc config1:52-60 mask:52-60
43 [139882757490496] WARN perfrun.perfcollector <> - pmu hwInfo is not set, at file: vcs/perfrun1/plugins/perfcollector/src/controller.cpp:737
43 [139882757490496] INFO perfrun.perfcollector <> - pmu added : family : uncore_cbox , id : 1
43 [139882757490496] INFO perfrun.launcher <> - plugin perf has been added successfully
44 [139882757490496] INFO perfrun.launcher <> - plugin tpss has been added successfully
44 [139882757490496] INFO perfrun.launcher <> - plugin exprof has been added successfully
44 [139882757490496] INFO perfrun.launcher <> - plugin media has been added successfully
44 [139882757490496] INFO perfrun.launcher <> - plugin ice has been added successfully
44 [139882757490496] INFO perfrun.launcher <> - plugin  has been added successfully
44 [139882757490496] INFO perfrun.launcher <> - plugin  has been added successfully
44 [139882757490496] INFO perfrun.launcher <> - plugin parallelfs has been added successfully
44 [139882757490496] INFO perfrun.launcher <> - plugin power has been added successfully
44 [139882757490496] INFO perfrun.launcher <> - the option was added --interval: Specify an interval of data collection (for example, sampling) in milliseconds.
44 [139882757490496] INFO perfrun.launcher <> - the option was added --follow-child: Profile process with or without children.
44 [139882757490496] INFO perfrun.launcher <> - the option was added --gelding: BADMSG: perfrun1.launcher.plugin_manager::gelding
44 [139882757490496] INFO perfrun.launcher <> - the option was added --time-source: Specify time source for measurement. Possible values: sys - wall clock time; tsc - time stamp counter; ext - time from an external source; auto - auto select accurate time source.
44 [139882757490496] INFO perfrun.launcher <> - the option was added --stack: Enable or disable collection of stacks.
44 [139882757490496] INFO perfrun.launcher <> - the option was added --stack-stitching: Enable or disable the stack stitching algorithm for Intel TBB-based applications.
45 [139882757490496] INFO perfrun.launcher <> - the option was added --type: Specify type of data to be collected. For example, --type cpu:counters,waiting:nostack,io.
45 [139882757490496] INFO perfrun.launcher <> - the option was added --mrte-mode: Specify Java/.NET/other managed runtime collection mode. Possible values: native - collect information only for native code; managed - collect information only for managed code; mixed - collect information for both managed and native code; auto - choose the mode based on binary type.
45 [139882757490496] INFO perfrun.launcher <> - the option was added --mrte-mode-list: List supported Java/.NET/other managed runtime collection modes.
45 [139882757490496] INFO perfrun.launcher <> - the option was added --mrte-type: Specify which managed runtimes to collect. Possible values: java - collect information for Java; dotnet - collect information for .NET; python - collect information for CPython. You can specify several values separated by comma.
45 [139882757490496] INFO perfrun.launcher <> - the option was added --mrte-type-list: List supported Java/.NET/other managed runtime types.
45 [139882757490496] INFO perfrun.launcher <> - the option was added --trace-strategy: Specify how to profile a process tree. <string> can be "<process>:trace:notrace" - profile the process but do not profile its children. Shorthand parameters: t - trace, nt - notrace. For example, "vtunedemo.exe:t:t".
45 [139882757490496] INFO perfrun.launcher <> - the option was added --collector: BADMSG: perfrun1.launcher.plugin_manager::collector
45 [139882757490496] INFO perfrun.launcher <> - the option was added --system-wide: Enable system-wide profiling. This mode may require additional permissions.
45 [139882757490496] INFO perfrun.launcher <> - the option was added --kvm-guest: Enable KVM guest OS profiling.
45 [139882757490496] INFO perfrun.launcher <> - the option was added --kvm-guest-kallsyms: Specify a local path to the /proc/kallsyms file copied from the guest OS for proper symbol resolution.
45 [139882757490496] INFO perfrun.launcher <> - the option was added --kvm-guest-modules: Specify a local path to the /proc/modules file copied from the guest OS for proper symbol resolution.
45 [139882757490496] INFO perfrun.launcher <> - the option was added --dump-vdso: Dump [vdso] to result directory
45 [139882757490496] INFO perfrun.launcher <> - the option was added --bandwidth-limits: Measure bandwidth limits
45 [139882757490496] INFO perfrun.launcher <> - the option was added --acrn-map-info: Collect map info for ACRN
45 [139882757490496] INFO perfrun.launcher <> - the option was added --bandwidth-strategy: Bandwidth limits determination specific properties (example: --bandwidth-strategy array-size=0,duration=500).
45 [139882757490496] INFO perfrun.launcher <> - the option was added --bandwidth-config: List of benchmarks to run.
45 [139882757490496] INFO perfrun.launcher <> - the option was added --system-collector-config: Specify subcollectors. Possible values: all, vdso, container, device-info, none.
45 [139882757490496] INFO perfrun.launcher <> - the option was added --itt-config: Specify a sub-set of ITT API to collect.
45 [139882757490496] INFO perfrun.launcher <> - the option was added --itt-debug: Set pseudo-breakpoint at ITT API collector's start to enable the debugger to attach early.
45 [139882757490496] INFO perfrun.launcher <> - the option was added --ptrace: Ptrace collector.
45 [139882757490496] INFO perfrun.launcher <> - the option was added --target-pid: BADMSG: perfrun1.ptracecollector::target-pid
46 [139882757490496] INFO perfrun.launcher <> - the option was added --ptrace-server-pid: BADMSG: perfrun1.ptracecollector::ptrace-server-pid
46 [139882757490496] INFO perfrun.launcher <> - the option was added --ptrace-trace: BADMSG: perfrun1.ptracecollector::ptrace-trace
46 [139882757490496] INFO perfrun.launcher <> - the option was added --ptrace-time-source: BADMSG: perfrun1.ptracecollector::ptrace-time-source
46 [139882757490496] INFO perfrun.launcher <> - the option was added --ptrace-start-type: BADMSG: perfrun1.ptracecollector::ptrace-start-type
46 [139882757490496] INFO perfrun.launcher <> - the option was added --gpu-config: Specify types of GPU data to be collected. Possible values: preset1, preset2.
46 [139882757490496] INFO perfrun.launcher <> - the option was added --gpu-debug: Enable self-testing of the GPGPU profiling collector.
46 [139882757490496] INFO perfrun.launcher <> - the option was added --custom-collector: Allows to provide arbitrary command line to be run on collection steps.
46 [139882757490496] INFO perfrun.launcher <> - the option was added --stdsrc-config: Specify Standard Sources category tag(s).
46 [139882757490496] INFO perfrun.launcher <> - the option was added --ftrace-config-list: List Linux Ftrace category tag(s).
46 [139882757490496] INFO perfrun.launcher <> - the option was added --ftrace-config: Specify Linux Ftrace category tag(s).
46 [139882757490496] INFO perfrun.launcher <> - the option was added --ftrace-function-groups: Enable tracing of specific groups of functions.
46 [139882757490496] INFO perfrun.launcher <> - the option was added --event-info: BADMSG: perfrun1.stdsrc::event-info
46 [139882757490496] INFO perfrun.launcher <> - the option was added --cpu-list: List supported CPUs.
46 [139882757490496] INFO perfrun.launcher <> - the option was added --target-list: List available targets for performing sampling collection.
46 [139882757490496] INFO perfrun.launcher <> - the option was added --event-value-list: Display event information.
46 [139882757490496] INFO perfrun.launcher <> - the option was added --platform-value-list: Display details of supported platforms.
46 [139882757490496] INFO perfrun.launcher <> - the option was added --uncore-event-list: List uncore events for which a sampling data collection can be performed on this platform.
46 [139882757490496] INFO perfrun.launcher <> - the option was added --modifier-list: Specify the event name <string> for which the modifiers list is requested.
46 [139882757490496] INFO perfrun.launcher <> - the option was added --pmu-list: List supported PMUs.
46 [139882757490496] INFO perfrun.launcher <> - the option was added --os-mode-only: Enable sampling data collection for OS-mode processes only.
47 [139882757490496] INFO perfrun.launcher <> - the option was added --user-mode-only: Enable sampling data collection for user-mode processes only.
47 [139882757490496] INFO perfrun.launcher <> - the option was added --event-config: Perform data collection for the events with <string> configured using the format <event name1>":modifier1=val:modifier2=val/constraint1={:modifier3=val:modifier4=val}...,"<event name2>":... Specify the events(s) to monitor and embed the event names within double quotes("). [:modifier=val] specifies individual event modifiers along with the respective values for a given platform. Note that the modifiers can be generic to an event as well as specific to a constraint (or an event qualifier). The constraint specific special modifiers appear after [/constraint=]. The modifiers can be in decimal or hexadecimal format. Only specific modifiers accept the value as a string. Each event specification is delimited by a comma (,). For a list of supported modifiers and constraints, refer to the documentation.
47 [139882757490496] INFO perfrun.launcher <> - the option was added --chipset-event-config: Perform data collection for the chipset events with <string> configured using the format "<event name1>"...,"<event name2>":... Specify the events(s) to monitor and embed the event names within double quotes(").
47 [139882757490496] INFO perfrun.launcher <> - the option was added --uncore-event-config: Perform uncore data collection in ebc count mode for the events with <string> configured using the format "<event name1>"...,"<event name2>":... Specify the events(s) to monitor and embed the event names within double quotes(").
47 [139882757490496] INFO perfrun.launcher <> - the option was added --count-emon: Enable counting mode and output the data in EMON format.
47 [139882757490496] INFO perfrun.launcher <> - the option was added --event-based-counts: Enable event-based counting mode. During sampling data collection, event counts data is collected for the list of events specified in -event-config option.
47 [139882757490496] INFO perfrun.launcher <> - the option was added --event-mux-tfactor: Specify the event multiplexing tfactor as <integer> to set the length of the interval between interrupts. The larger the tfactor value, the larger the period between interrupts. Currently this option is only available on Intel platforms codenamed Knights Corner.
47 [139882757490496] INFO perfrun.launcher <> - the option was added --full-pebs-capture: Capture full pebs information.
47 [139882757490496] INFO perfrun.launcher <> - the option was added --last-branch-records: Capture Last Branch Records information.
47 [139882757490496] INFO perfrun.launcher <> - the option was added --pmu-type: Specify the targeted PMU name as <string>.
47 [139882757490496] INFO perfrun.launcher <> - the option was added --platform-type: Specify the targeted platform number as <number>.
47 [139882757490496] INFO perfrun.launcher <> - the option was added --p-state-trigger: Specify the name of the trigger event for P-state data as <string>. The default trigger is CPU_CLK_UNHALTED.REF_TSC.
47 [139882757490496] INFO perfrun.launcher <> - the option was added --bts-count: Specify the <integer> number of BTS records collected after each sample or context switch (VTSS++ only).
47 [139882757490496] INFO perfrun.launcher <> - the option was added --cpu-mask: Specify which CPU(s) <string> to collect data on. For example, specify "2-8,10,12-14" to sample only CPUs 2 through 8, 10, and 12 through 14.
47 [139882757490496] INFO perfrun.launcher <> - the option was added --event-mux-alg: Specify the event multiplexing algorithm. Possible values: sequence, timer, trigger.
47 [139882757490496] INFO perfrun.launcher <> - the option was added --event-mux-timeslice: Specify the event multiplexing time slice value as <integer>. The time slice specifies the duration between cycles for each event multiplexing group. The default value is 50 milliseconds. This option is valid only for timer-based event multiplexing. Specify the event multiplexing time slice value as <integer>. The time slice specifies the duration between cycles for each event multiplexing group. The default value is 1 millisecond. This option is valid only for timer-based event multiplexing.
47 [139882757490496] INFO perfrun.launcher <> - the option was added --event-mux-factor: Specify the event multiplexing factor as <integer>. It controls the switching of event multiplexing groups. The default factor is 50. This option is valid only for trigger-based event multiplexing. Specify the event multiplexing factor as <integer>. It controls the switching of event multiplexing groups. The default factor is 1. This option is valid only for trigger-based event multiplexing.
47 [139882757490496] INFO perfrun.launcher <> - the option was added --event-mux-trigger: Specify the name of the trigger event for event multiplexing as <string>. This option is valid only for trigger-based event multiplexing. The default trigger is CPU_CLK_UNHALTED.CORE (or CPU_CLK_UNHALTED.THREAD). BADMSG: perfrun1.vtsspp::event-mux-trigger
47 [139882757490496] INFO perfrun.launcher <> - the option was added --pt-mode: BADMSG: perfrun1.vtsspp::pt-mode
47 [139882757490496] INFO perfrun.launcher <> - the option was added --sample-after-multiplier: Specify the sample after multiplier as <double>. This multiplier modifies the sample after value for all the events specified in -event-config option. The values can range from 0.1 to 100.0. SAV multiplier value
47 [139882757490496] INFO perfrun.launcher <> - the option was added --uncore-sampling-interval: Specify the uncore sampling interval as <integer>. This value set the uncore sampling interval for all the uncore events specified in -event-config option.
48 [139882757490496] INFO perfrun.launcher <> - the option was added --count: Enable counting mode. Enable counting mode
48 [139882757490496] INFO perfrun.launcher <> - the option was added --trace-mpi: Configure collector to trace MPI code.
48 [139882757490496] INFO perfrun.launcher <> - the option was added --aggregated-counting: Enable aggregated counting mode. Enable aggregated-counting mode
48 [139882757490496] INFO perfrun.launcher <> - the option was added --raw-perf-config: Specify a verified configuration for the Perf collector in the format: <describer>,<content>. For example: map-events-file,<path_to_map_events_file>.
48 [139882757490496] INFO perfrun.launcher <> - the option was added --sys-config: BADMSG: perfrun1.vtsspp::sys-config Specify types of system data to be collected. Supported value: cswitch - collect context switch information.
48 [139882757490496] INFO perfrun.launcher <> - the option was added --perf-event-config: Specify events for Perf collector in Perf format. For example: perf-event-config=cpu-clock.
48 [139882757490496] INFO perfrun.launcher <> - the option was added --perf-aio: Number of control blocks in asynchronous trace writing mode.
48 [139882757490496] INFO perfrun.launcher <> - the option was added --perf-compression: Specify compression of Perf collector output data. Possible levels: 0 - without compression, 1..3 - best speed, 4..22 - best compression that incurs big overhead.
48 [139882757490496] INFO perfrun.launcher <> - the option was added --perf-min-mmap-read: Minimum data size read from the kernel mapped region.
48 [139882757490496] INFO perfrun.launcher <> - the option was added --perf-affinity: Adjust an affinity mask of the Perf thread to a node with an allocated memory trace buffer.
48 [139882757490496] INFO perfrun.launcher <> - the option was added --stackwalk: Specify stack unwinding method. Possible values: online - unwind stacks during collection; offline - unwind stacks after collection is finished. Specify stack unwinding method. Possible value: lbr - unwind stacks during collection. Specify stack unwinding method. Possible values: online - unwind stacks during collection; offline - unwind stacks after collection is finished; lbr - enable LBR-based call stack collection. Specify stack unwinding method. Possible values: online - unwind stacks during collection; offline - unwind stacks after collection is finished. Specify stack unwinding method. Possible values: online - unwind stacks during collection; offline - unwind stacks after collection is finished.
48 [139882757490496] INFO perfrun.launcher <> - the option was added --filter-include: Filter data during collection. Possible values: contended=<on|off> - filter out uncontended events; contended_nostack=<time> - filter out stacks for contended events that take less than <time> microseconds; wait=<time> - ignore transitions and blocks with wait time less than <time> microseconds; wait_nostack=<time> - filter out stacks for waits that take less than <time> microseconds.
48 [139882757490496] INFO perfrun.launcher <> - the option was added --debug-pin: Debug PIN tool and runtime.
48 [139882757490496] INFO perfrun.launcher <> - the option was added --debug-exception: Disallow the application to set own abnormal termination handler.
48 [139882757490496] INFO perfrun.launcher <> - the option was added --trace-type: Specify the trace file granularity. Possible values: per-thread - per-thread trace file generation; per-process - per-process trace file generation.
48 [139882757490496] INFO perfrun.launcher <> - the option was added --instrumentation-type: Specify type of instrumentation.
48 [139882757490496] INFO perfrun.launcher <> - the option was added --altstack: Enable or disable usage of altstacks for profiling signal handlers.
48 [139882757490496] INFO perfrun.launcher <> - the option was added --profiling-signal: BADMSG: perfrun1.ptracecollector::profiling-signal Alternate profiling signal.
48 [139882757490496] INFO perfrun.launcher <> - the option was added --memory-strategy: Specify a minimal memory object size to be traced and a hash table size for faster objects search; for example: --memory-strategy obj-size-min=1024,hash-table-size=4096.
48 [139882757490496] INFO perfrun.launcher <> - the option was added --gpu-profiling-config: Specify a type of deep GPU profiling applied for all kernels and a comma-separated list of GPU kernel names and invocations in the following format: profiling_type[@kernel_name[:start_idx:step:stop_idx]], where profiling_type is one of following: none, bblatency, memlatency; kernel_name is the name of GPU kernel; start_idx is the number of the first invocation; and stop_idx is the number of the last invocation to be profiled.
49 [139882757490496] INFO perfrun.launcher <> - the option was added --opencl-trace-mode: Specify OpenCL kernel tracing modes: 'default' to trace OpenCL kernels for Intel Graphics Driver only; 'epoch' for any non-Intel graphics, where OpenCL kernels will be traced and OpenCL profiling API timestamps will be interpreted as Unux Epoch time in nanoseconds; 'completion' to trace OpenCL kernels for any Graphics Driver and bind OpenCL profiling API timestamps to the timestamp of OpenCL completion callback.
49 [139882757490496] INFO perfrun.launcher <> - the option was added --exprof-com-list: List available COM ports.
49 [139882757490496] INFO perfrun.launcher <> - the option was added --exprof-dvc-list: List available DvC IDs.
49 [139882757490496] INFO perfrun.launcher <> - the option was added --exprof-trace-channel: BADMSG: perfrun1.exprof::exprof-trace-channel
49 [139882757490496] INFO perfrun.launcher <> - the option was added --exprof-event-config: Specify ExactProfiling Event Classes.
49 [139882757490496] INFO perfrun.launcher <> - the option was added --ice-pmons-list: BADMSG: perfrun1.ice::ice-pmons-list
49 [139882757490496] INFO perfrun.launcher <> - the option was added --ice-pmons-config: BADMSG: perfrun1.ice::ice-pmons-config
49 [139882757490496] INFO perfrun.launcher <> - the option was added --parallel-fs-config: Specify parallel fs counters to collect.
49 [139882757490496] INFO perfrun.launcher <> - the option was added --pwr-config: BADMSG: perfrun1.vtsspp::pwr-config Specify power metrics configuration.
53 [139882757490496] INFO perfrun.launcher <> - create msngr2::ICliToolContext
53 [139882757490496] INFO perfrun.launcher <> - create file finder object
53 [139882757490496] INFO perfrun.launcher <> - create a result directory: pattern = /root/allreduce1 pid = 4294967295
56 [139882757490496] INFO perfrun.sdk <> - checked that the directory /root/allreduce1 is a local directory
56 [139882757490496] INFO perfrun.sdk <> - the directory /root/allreduce1 is a local directory with FS type ID 61267
56 [139882757490496] INFO perfrun.launcher <> - create data directory = /root/allreduce1/data.0
57 [139882757490496] INFO perfrun.launcher <> - Creating the master collection flag
57 [139882757490496] INFO perfrun.launcher <> - Done creating the master collection flag
68 [139882638296832] INFO perfrun.launcher <> - plugin [remoteplug] was disabled because it doesn't support the given collection type.
72 [139882638296832] INFO perfrun.sdk <> - Allocating TMU :/root/allreduce1/data.0/systemcollector-47031-iccluster027.sc
72 [139882638296832] INFO perfrun.system <> - Tpss based collection
73 [139882638296832] INFO perfrun.launcher <> - plugin [ptracecollector] was disabled because it doesn't support the given collection type.
73 [139882638296832] INFO perfrun.launcher <> - plugin [gpu] was disabled because it doesn't support the given collection type.
73 [139882638296832] INFO perfrun.launcher <> - plugin [] was disabled because it doesn't support the given collection type.
73 [139882638296832] INFO perfrun.launcher <> - plugin [] was disabled because it doesn't support the given collection type.
73 [139882638296832] INFO perfrun.launcher <> - plugin [] was disabled because it doesn't support the given collection type.
73 [139882638296832] INFO perfrun.launcher <> - plugin [mrte] was disabled because it doesn't support the given collection type.
73 [139882638296832] INFO perfrun.launcher <> - plugin [cuscol] was disabled because it doesn't support the given collection type.
73 [139882638296832] INFO perfrun.launcher <> - plugin [stdsrc] was disabled because it doesn't support the given collection type.
73 [139882638296832] INFO perfrun.launcher <> - plugin [sep] was disabled because it doesn't support the given collection type.
73 [139882638296832] INFO perfrun.launcher <> - plugin [vtsspp] was disabled because it doesn't support the given collection type.
73 [139882638296832] INFO perfrun.launcher <> - plugin [perf] was disabled because it doesn't support the given collection type.
73 [139882638296832] INFO perfrun.tpss <> - initialize tpss controller
73 [139882638296832] INFO perfrun.tpss <> - configure collection mode: value = cpu:counters:nostack
73 [139882638296832] INFO perfrun.tpss <> - configure collection mode: value = cpu:stack
73 [139882638296832] INFO perfrun.tpss <> - default obj-size-min=1024
73 [139882638296832] INFO perfrun.tpss <> - default hash-table-size=0
149 [139882638296832] INFO perfrun.launcher <> - plugin [exprof] was disabled because it doesn't support the given collection type.
149 [139882638296832] INFO perfrun.launcher <> - plugin [ice] was disabled because it doesn't support the given collection type.
149 [139882638296832] INFO perfrun.launcher <> - plugin [] was disabled because it doesn't support the given collection type.
149 [139882638296832] INFO perfrun.launcher <> - plugin [] was disabled because it doesn't support the given collection type.
149 [139882638296832] INFO perfrun.launcher <> - plugin [parallelfs] was disabled because it doesn't support the given collection type.
150 [139882638296832] INFO perfrun.launcher <> - plugin [power] was disabled because it doesn't support the given collection type.
150 [139882757490496] INFO perfrun.launcher <> - set environment variable: LD_LIBRARY_PATH = /opt/intel/vtune_amplifier_2019.6.0.602217/lib32/runtime:/opt/intel/vtune_amplifier_2019.6.0.602217/lib64/runtime
150 [139882757490496] INFO perfrun.launcher <> - set environment variable: INTEL_LIBITTNOTIFY32 = /opt/intel/vtune_amplifier_2019.6.0.602217/lib32/runtime/libittnotify_collector.so
150 [139882757490496] INFO perfrun.launcher <> - set environment variable: INTEL_LIBITTNOTIFY64 = /opt/intel/vtune_amplifier_2019.6.0.602217/lib64/runtime/libittnotify_collector.so
150 [139882757490496] INFO perfrun.launcher <> - set environment variable: INTEL_ITTNOTIFY_GROUPS = 
150 [139882757490496] INFO perfrun.launcher <> - set environment variable: INTEL_JIT_PROFILER32 = /opt/intel/vtune_amplifier_2019.6.0.602217/lib32/runtime/libittnotify_collector.so
150 [139882757490496] INFO perfrun.launcher <> - set environment variable: INTEL_JIT_PROFILER64 = /opt/intel/vtune_amplifier_2019.6.0.602217/lib64/runtime/libittnotify_collector.so
150 [139882757490496] INFO perfrun.launcher <> - set environment variable: VS_PROFILER = libittnotify_collector.so
150 [139882757490496] INFO perfrun.launcher <> - set environment variable: ENABLE_JITPROFILING = 1
150 [139882757490496] INFO perfrun.launcher <> - set environment variable: CL_CONFIG_USE_VTUNE = True
150 [139882757490496] INFO perfrun.launcher <> - set environment variable: __OCL_MIC_INTEL_LIBITTNOTIFY64 = /amplxe/results/libittnotify_collector.so
150 [139882757490496] INFO perfrun.launcher <> - set environment variable: __OCL_MIC_INTEL_JIT_PROFILER64 = /amplxe/results/libittnotify_collector.so
150 [139882757490496] INFO perfrun.launcher <> - set environment variable: KMP_FORKJOIN_FRAMES = 0
150 [139882757490496] INFO perfrun.launcher <> - set environment variable: KMP_FORKJOIN_FRAMES_MODE = 0
150 [139882757490496] INFO perfrun.launcher <> - RpcServer: run RPC server to handle requests
151 [139882757490496] INFO perfrun.launcher <> - Launcher: command line to start before modification = python gRPC/run.py
151 [139882757490496] INFO perfrun.launcher <> - Launcher: command line to start after modification = /opt/intel/vtune_amplifier_2019.6.0.602217/bin64/pin -error_file /root/allreduce1/data.0/pinerr.tpsslog -detach_reattach -follow_execv -tool_load_option deepbind -t64 /opt/intel/vtune_amplifier_2019.6.0.602217/lib64/libtpsstool.so -t /opt/intel/vtune_amplifier_2019.6.0.602217/lib32/libtpsstool.so -server_name tpss_ipc.47031 -prd_dir /opt/intel/vtune_amplifier_2019.6.0.602217 -- python gRPC/run.py
151 [139882757490496] INFO perfrun.launcher <> - ProcessCreator object was created
152 [139882757490496] INFO perfrun.launcher <> - Launcher: the process was started in suspend mode
155 [139882638296832] INFO perfrun.system <> - Helper runtool '/opt/intel/vtune_amplifier_2019.6.0.602217/bin32/amplxe-runss -dump-vdso -r /root/allreduce1 --tmp-dir /tmp/amplxe-tmp-root' returned 1
256 [139882638296832] INFO perfrun.system <> - Helper runtool '/opt/intel/vtune_amplifier_2019.6.0.602217/bin64/amplxe-runss -dump-vdso -r /root/allreduce1 --tmp-dir /tmp/amplxe-tmp-root' returned 0
262 [139882638296832] INFO perfrun.system <> - OpenCL gpu adapter vendor Id 4318
262 [139882638296832] INFO perfrun.system <> - OpenCL gpu adapter vendor Id 4139
262 [139882638296832] INFO perfrun.system <> - OpenCL gpu adapter vendor Id 4318
262 [139882638296832] WARN perfrun.system <> - Folder "/var/run/libvirt/qemu/"doesn't exist, at file: vcs/perfrun1/plugins/system/src/trace_writer.cpp:762
262 [139882638296832] WARN perfrun.sdk <> - Failed to find xl binary on any of the system paths: /bin, /sbin, /usr/bin, /usr/sbin., at file: vcs/perfrun1/sdk/src/utils.cpp:434
262 [139882638296832] WARN perfrun.system <> - Could not start ContainerMapping collector, at file: vcs/perfrun1/plugins/system/src/controller.cpp:467
267 [139882638296832] INFO perfrun.itt <> - start itt controller for pid #47036
508 [139882638296832] INFO perfrun.emon <> - runCmd:"/opt/intel/vtune_amplifier_2019.6.0.602217/bin64/emon" -u -t0.050 -l0 -A -C "CPU_CLK_UNHALTED.ONE_THREAD_ACTIVE,CPU_CLK_UNHALTED.REF_TSC,CPU_CLK_UNHALTED.REF_XCLK,CPU_CLK_UNHALTED.THREAD,INST_RETIRED.ANY,UOPS_RETIRED.RETIRE_SLOTS" -f "/root/allreduce1/data.0/emon.0.emon" -experimental
509 [139882638296832] INFO perfrun.emon <> - Waiting trace file creation: /root/allreduce1/data.0/emon.0.emon
709 [139882638296832] INFO perfrun.emon <> - trace file was found
709 [139882638296832] INFO perfrun.tpss <> - start tpss controller for pid #47036
760 [139882757490496] INFO perfrun.launcher <> - Launcher: all plugins were started
760 [139882757490496] INFO perfrun.launcher <> - DirectoryMonitor object was created
760 [139882757490496] INFO perfrun.launcher <> - DirectoryMonitor: a callback was added
760 [139882757490496] INFO perfrun.launcher <> - DirectoryMonitor was started with pingTime = 1000
760 [139882757490496] INFO perfrun.launcher <> - DeadlineTimer is going to be constructed
760 [139882757490496] INFO perfrun.launcher <> - DeadlineTimer: a callback was added
763 [139882757490496] INFO perfrun.launcher <> - Launcher: resume the profiled application and  wait its termination or stop command
965308 [139882467632896] WARN perfrun.launcher <> - Messenger::say: Cannot stop posix timer: __NR_timer_settime() system call returned -1.
965359 [139882757490496] INFO perfrun.launcher <> - Launcher: the profiled application was terminated  with exit code = 1
965365 [139882757490496] INFO perfrun.launcher <> - Messenger::say: Profiling of the target process finished but the following child processes are still being profiled:
PPID PID STATE NAME
1 47129 RESUME python3
1 47133 RESUME python3
1 47142 RESUME python3
1 47147 RESUME python3
1 47156 RESUME python3
1 47163 RESUME python3
1 47168 RESUME python3
1 47177 RESUME python3
1 47184 RESUME python3
1 47191 RESUME python3
1 47198 RESUME python3
1 47205 RESUME python3
1 47212 RESUME python3
1 47219 RESUME python3
1 47226 RESUME python3
1 47233 RESUME python3
1 47240 RESUME python3
1 47245 RESUME python3
1 47253 RESUME python3
1 47260 RESUME python3
1 47268 RESUME python3
1 47273 RESUME python3
1 47282 RESUME python3
1 47289 RESUME python3
1 47296 RESUME python3
1 47301 RESUME python3
1 47308 RESUME python3
1 47317 RESUME python3
1 47324 RESUME python3
1 47331 RESUME python3
1 47338 RESUME python3
1 47344 RESUME python3
1 47351 RESUME python3
1 47359 RESUME python3
1 47365 RESUME python3
1 47372 RESUME python3
1 47380 RESUME python3
1 47385 RESUME python3
1 47393 RESUME python3
1 47400 RESUME python3
1 47406 RESUME python3
1 47414 RESUME python3
1 47422 RESUME python3
1 47429 RESUME python3
1 47435 RESUME python3
1 47442 RESUME python3
1 47450 RESUME python3
1 47456 RESUME python3

To stop the collection, you may press CTRL-C. The processes listed above will be terminated.

